<?xml version="1.0" encoding="UTF-8"?>
<testsuite xmlns:xsi="http://www.w3.org/2001/XMLSchema-instance" xsi:noNamespaceSchemaLocation="https://maven.apache.org/surefire/maven-surefire-plugin/xsd/surefire-test-report-3.0.xsd" version="3.0" name="com.exercicis.TestExercici0200" time="1.175" tests="47" errors="0" skipped="0" failures="0">
  <properties>
[...]
</properties>
  <testcase name="testSumaSenseSumarZero(TestInfo)" classname="com.exercicis.TestExercici0200" time="0.134">
    <system-out><![CDATA[Test failed: testSumaSenseSumarZero(TestInfo)
expected: <-5> but was: <5>
]]></system-out>
  </testcase>
  <testcase name="testPrintMatrixColumn(TestInfo)" classname="com.exercicis.TestExercici0200" time="0.024">
    <system-out><![CDATA[Test failed: testPrintMatrixColumn(TestInfo)
expected: <1
2
3> but was: <1 
2 
3>
]]></system-out>
  </testcase>
  <testcase name="testMinMaxAddBasic(TestInfo)" classname="com.exercicis.TestExercici0200" time="0.017">
    <system-out><![CDATA[Test passed, succeeded!
]]></system-out>
  </testcase>
  <testcase name="testSumaSenseSumarLargeNumbers(TestInfo)" classname="com.exercicis.TestExercici0200" time="0.01">
    <system-out><![CDATA[Test passed, succeeded!
]]></system-out>
  </testcase>
  <testcase name="testDrawPascalFive(TestInfo)" classname="com.exercicis.TestExercici0200" time="0.013">
    <system-out><![CDATA[Test failed: testDrawPascalFive(TestInfo)
expected: <1
1 1
1 2 1
1 3 3 1
1 4 6 4 1> but was: <1 
1 1 
1 2 1 
1 3 3 1 
1 4 6 4 1>
]]></system-out>
  </testcase>
  <testcase name="testDrawPascalZero(TestInfo)" classname="com.exercicis.TestExercici0200" time="0.003">
    <system-out><![CDATA[Test passed, succeeded!
]]></system-out>
  </testcase>
  <testcase name="testSumaSenseSumarPositiveNumbers(TestInfo)" classname="com.exercicis.TestExercici0200" time="0.029">
    <system-out><![CDATA[Test passed, succeeded!
]]></system-out>
  </testcase>
  <testcase name="testTransposeColumnMatrix(TestInfo)" classname="com.exercicis.TestExercici0200" time="0.012">
    <system-out><![CDATA[Test passed, succeeded!
]]></system-out>
  </testcase>
  <testcase name="testPrintMatrixSquare(TestInfo)" classname="com.exercicis.TestExercici0200" time="0.011">
    <system-out><![CDATA[Test failed: testPrintMatrixSquare(TestInfo)
expected: <1, 2
3, 4> but was: <1 2 
3 4>
]]></system-out>
  </testcase>
  <testcase name="testPrintMatrixRectangular(TestInfo)" classname="com.exercicis.TestExercici0200" time="0.003">
    <system-out><![CDATA[Test failed: testPrintMatrixRectangular(TestInfo)
expected: <1, 2, 3
4, 5, 6
7, 8, 9> but was: <1 2 3 
4 5 6 
7 8 9>
]]></system-out>
  </testcase>
  <testcase name="testMinDistancesNoTargetFound(TestInfo)" classname="com.exercicis.TestExercici0200" time="0.011">
    <system-out><![CDATA[Test failed: testMinDistancesNoTargetFound(TestInfo)
expected: <[9, 9, 9, 9, 9, 9, 9, 9, 9]> but was: <[9, 10, 11, 12, 13, 13, 12, 11, 10]>
]]></system-out>
  </testcase>
  <testcase name="testSumaSenseSumarNegativeNumbers(TestInfo)" classname="com.exercicis.TestExercici0200" time="0.002">
    <system-out><![CDATA[Test passed, succeeded!
]]></system-out>
  </testcase>
  <testcase name="testAddImaginariesWithZeroImaginaryPart(TestInfo)" classname="com.exercicis.TestExercici0200" time="0.048">
    <system-out><![CDATA[Test passed, succeeded!
]]></system-out>
  </testcase>
  <testcase name="testAddImaginariesLargeNumbers(TestInfo)" classname="com.exercicis.TestExercici0200" time="0.009">
    <system-out><![CDATA[Test passed, succeeded!
]]></system-out>
  </testcase>
  <testcase name="testAddListMultipleElements(TestInfo)" classname="com.exercicis.TestExercici0200" time="0.005">
    <system-out><![CDATA[Test passed, succeeded!
]]></system-out>
  </testcase>
  <testcase name="testFirstNonRepeatedLongString(TestInfo)" classname="com.exercicis.TestExercici0200" time="0.003">
    <system-out><![CDATA[Test passed, succeeded!
]]></system-out>
  </testcase>
  <testcase name="testInverIntWithZeros(TestInfo)" classname="com.exercicis.TestExercici0200" time="0.01">
    <system-out><![CDATA[Test passed, succeeded!
]]></system-out>
  </testcase>
  <testcase name="testMinMaxAddWithNegatives(TestInfo)" classname="com.exercicis.TestExercici0200" time="0.002">
    <system-out><![CDATA[Test failed: testMinMaxAddWithNegatives(TestInfo)
expected: <[-10, -6]> but was: <[-14, -10]>
]]></system-out>
  </testcase>
  <testcase name="testAddListNegativeNumbers(TestInfo)" classname="com.exercicis.TestExercici0200" time="0.004"/>
  <testcase name="testMinDistancesBasic(TestInfo)" classname="com.exercicis.TestExercici0200" time="0.002">
    <system-out><![CDATA[Test passed, succeeded!
]]></system-out>
  </testcase>
  <testcase name="testAddListDecimals(TestInfo)" classname="com.exercicis.TestExercici0200" time="0.016">
    <system-out><![CDATA[Test passed, succeeded!
]]></system-out>
  </testcase>
  <testcase name="testAddImaginariesZero(TestInfo)" classname="com.exercicis.TestExercici0200" time="0.018">
    <system-out><![CDATA[Test passed, succeeded!
]]></system-out>
  </testcase>
  <testcase name="testTransposeSingleElement(TestInfo)" classname="com.exercicis.TestExercici0200" time="0.015">
    <system-out><![CDATA[Test passed, succeeded!
]]></system-out>
  </testcase>
  <testcase name="testMinDistancesMultipleTargets(TestInfo)" classname="com.exercicis.TestExercici0200" time="0.008">
    <system-out><![CDATA[Test passed, succeeded!
]]></system-out>
  </testcase>
  <testcase name="testAddListEmpty(TestInfo)" classname="com.exercicis.TestExercici0200" time="0.004">
    <system-out><![CDATA[Test passed, succeeded!
]]></system-out>
  </testcase>
  <testcase name="testInverIntSingleDigit(TestInfo)" classname="com.exercicis.TestExercici0200" time="0.03">
    <system-out><![CDATA[Test passed, succeeded!
]]></system-out>
  </testcase>
  <testcase name="testAddImaginariesSimple(TestInfo)" classname="com.exercicis.TestExercici0200" time="0.002">
    <system-out><![CDATA[Test passed, succeeded!
]]></system-out>
  </testcase>
  <testcase name="testFirstNonRepeatedBasic(TestInfo)" classname="com.exercicis.TestExercici0200" time="0.039">
    <system-out><![CDATA[Test passed, succeeded!
]]></system-out>
  </testcase>
  <testcase name="testAddListSingleElement(TestInfo)" classname="com.exercicis.TestExercici0200" time="0.004">
    <system-out><![CDATA[Test passed, succeeded!
]]></system-out>
  </testcase>
  <testcase name="testAddImaginariesNegative(TestInfo)" classname="com.exercicis.TestExercici0200" time="0.017">
    <system-out><![CDATA[Test encountered an error: testAddImaginariesNegative(TestInfo)
]]></system-out>
    <system-err><![CDATA[java.lang.NumberFormatException: For input string: "4-3i"
	at java.base/java.lang.NumberFormatException.forInputString(NumberFormatException.java:67)
	at java.base/java.lang.Integer.parseInt(Integer.java:588)
	at java.base/java.lang.Integer.parseInt(Integer.java:685)
	at com.exercicis.Exercici0200.addImaginaries(Exercici0200.java:84)
	at com.exercicis.TestExercici0200.testAddImaginariesNegative(TestExercici0200.java:51)
	at java.base/jdk.internal.reflect.DirectMethodHandleAccessor.invoke(DirectMethodHandleAccessor.java:103)
	at java.base/java.lang.reflect.Method.invoke(Method.java:580)
	at org.junit.platform.commons.util.ReflectionUtils.invokeMethod(ReflectionUtils.java:728)
	at org.junit.jupiter.engine.execution.MethodInvocation.proceed(MethodInvocation.java:60)
	at org.junit.jupiter.engine.execution.InvocationInterceptorChain$ValidatingInvocation.proceed(InvocationInterceptorChain.java:131)
	at org.junit.jupiter.engine.extension.TimeoutExtension.intercept(TimeoutExtension.java:156)
	at org.junit.jupiter.engine.extension.TimeoutExtension.interceptTestableMethod(TimeoutExtension.java:147)
	at org.junit.jupiter.engine.extension.TimeoutExtension.interceptTestMethod(TimeoutExtension.java:86)
	at org.junit.jupiter.engine.execution.InterceptingExecutableInvoker$ReflectiveInterceptorCall.lambda$ofVoidMethod$0(InterceptingExecutableInvoker.java:103)
	at org.junit.jupiter.engine.execution.InterceptingExecutableInvoker.lambda$invoke$0(InterceptingExecutableInvoker.java:93)
	at org.junit.jupiter.engine.execution.InvocationInterceptorChain$InterceptedInvocation.proceed(InvocationInterceptorChain.java:106)
	at org.junit.jupiter.engine.execution.InvocationInterceptorChain.proceed(InvocationInterceptorChain.java:64)
	at org.junit.jupiter.engine.execution.InvocationInterceptorChain.chainAndInvoke(InvocationInterceptorChain.java:45)
	at org.junit.jupiter.engine.execution.InvocationInterceptorChain.invoke(InvocationInterceptorChain.java:37)
	at org.junit.jupiter.engine.execution.InterceptingExecutableInvoker.invoke(InterceptingExecutableInvoker.java:92)
	at org.junit.jupiter.engine.execution.InterceptingExecutableInvoker.invoke(InterceptingExecutableInvoker.java:86)
	at org.junit.jupiter.engine.descriptor.TestMethodTestDescriptor.lambda$invokeTestMethod$7(TestMethodTestDescriptor.java:218)
	at org.junit.platform.engine.support.hierarchical.ThrowableCollector.execute(ThrowableCollector.java:73)
	at org.junit.jupiter.engine.descriptor.TestMethodTestDescriptor.invokeTestMethod(TestMethodTestDescriptor.java:214)
	at org.junit.jupiter.engine.descriptor.TestMethodTestDescriptor.execute(TestMethodTestDescriptor.java:139)
	at org.junit.jupiter.engine.descriptor.TestMethodTestDescriptor.execute(TestMethodTestDescriptor.java:69)
	at org.junit.platform.engine.support.hierarchical.NodeTestTask.lambda$executeRecursively$6(NodeTestTask.java:151)
	at org.junit.platform.engine.support.hierarchical.ThrowableCollector.execute(ThrowableCollector.java:73)
	at org.junit.platform.engine.support.hierarchical.NodeTestTask.lambda$executeRecursively$8(NodeTestTask.java:141)
	at org.junit.platform.engine.support.hierarchical.Node.around(Node.java:137)
	at org.junit.platform.engine.support.hierarchical.NodeTestTask.lambda$executeRecursively$9(NodeTestTask.java:139)
	at org.junit.platform.engine.support.hierarchical.ThrowableCollector.execute(ThrowableCollector.java:73)
	at org.junit.platform.engine.support.hierarchical.NodeTestTask.executeRecursively(NodeTestTask.java:138)
	at org.junit.platform.engine.support.hierarchical.NodeTestTask.execute(NodeTestTask.java:95)
	at java.base/java.util.ArrayList.forEach(ArrayList.java:1597)
	at org.junit.platform.engine.support.hierarchical.SameThreadHierarchicalTestExecutorService.invokeAll(SameThreadHierarchicalTestExecutorService.java:41)
	at org.junit.platform.engine.support.hierarchical.NodeTestTask.lambda$executeRecursively$6(NodeTestTask.java:155)
	at org.junit.platform.engine.support.hierarchical.ThrowableCollector.execute(ThrowableCollector.java:73)
	at org.junit.platform.engine.support.hierarchical.NodeTestTask.lambda$executeRecursively$8(NodeTestTask.java:141)
	at org.junit.platform.engine.support.hierarchical.Node.around(Node.java:137)
	at org.junit.platform.engine.support.hierarchical.NodeTestTask.lambda$executeRecursively$9(NodeTestTask.java:139)
	at org.junit.platform.engine.support.hierarchical.ThrowableCollector.execute(ThrowableCollector.java:73)
	at org.junit.platform.engine.support.hierarchical.NodeTestTask.executeRecursively(NodeTestTask.java:138)
	at org.junit.platform.engine.support.hierarchical.NodeTestTask.execute(NodeTestTask.java:95)
	at java.base/java.util.ArrayList.forEach(ArrayList.java:1597)
	at org.junit.platform.engine.support.hierarchical.SameThreadHierarchicalTestExecutorService.invokeAll(SameThreadHierarchicalTestExecutorService.java:41)
	at org.junit.platform.engine.support.hierarchical.NodeTestTask.lambda$executeRecursively$6(NodeTestTask.java:155)
	at org.junit.platform.engine.support.hierarchical.ThrowableCollector.execute(ThrowableCollector.java:73)
	at org.junit.platform.engine.support.hierarchical.NodeTestTask.lambda$executeRecursively$8(NodeTestTask.java:141)
	at org.junit.platform.engine.support.hierarchical.Node.around(Node.java:137)
	at org.junit.platform.engine.support.hierarchical.NodeTestTask.lambda$executeRecursively$9(NodeTestTask.java:139)
	at org.junit.platform.engine.support.hierarchical.ThrowableCollector.execute(ThrowableCollector.java:73)
	at org.junit.platform.engine.support.hierarchical.NodeTestTask.executeRecursively(NodeTestTask.java:138)
	at org.junit.platform.engine.support.hierarchical.NodeTestTask.execute(NodeTestTask.java:95)
	at org.junit.platform.engine.support.hierarchical.SameThreadHierarchicalTestExecutorService.submit(SameThreadHierarchicalTestExecutorService.java:35)
	at org.junit.platform.engine.support.hierarchical.HierarchicalTestExecutor.execute(HierarchicalTestExecutor.java:57)
	at org.junit.platform.engine.support.hierarchical.HierarchicalTestEngine.execute(HierarchicalTestEngine.java:54)
	at org.junit.platform.launcher.core.EngineExecutionOrchestrator.execute(EngineExecutionOrchestrator.java:198)
	at org.junit.platform.launcher.core.EngineExecutionOrchestrator.execute(EngineExecutionOrchestrator.java:169)
	at org.junit.platform.launcher.core.EngineExecutionOrchestrator.execute(EngineExecutionOrchestrator.java:93)
	at org.junit.platform.launcher.core.EngineExecutionOrchestrator.lambda$execute$0(EngineExecutionOrchestrator.java:58)
	at org.junit.platform.launcher.core.EngineExecutionOrchestrator.withInterceptedStreams(EngineExecutionOrchestrator.java:141)
	at org.junit.platform.launcher.core.EngineExecutionOrchestrator.execute(EngineExecutionOrchestrator.java:57)
	at org.junit.platform.launcher.core.DefaultLauncher.execute(DefaultLauncher.java:103)
	at org.junit.platform.launcher.core.DefaultLauncher.execute(DefaultLauncher.java:85)
	at org.junit.platform.launcher.core.DelegatingLauncher.execute(DelegatingLauncher.java:47)
	at org.apache.maven.surefire.junitplatform.LazyLauncher.execute(LazyLauncher.java:56)
	at org.apache.maven.surefire.junitplatform.JUnitPlatformProvider.execute(JUnitPlatformProvider.java:184)
	at org.apache.maven.surefire.junitplatform.JUnitPlatformProvider.invokeAllTests(JUnitPlatformProvider.java:148)
	at org.apache.maven.surefire.junitplatform.JUnitPlatformProvider.invoke(JUnitPlatformProvider.java:122)
	at org.apache.maven.surefire.booter.ForkedBooter.runSuitesInProcess(ForkedBooter.java:385)
	at org.apache.maven.surefire.booter.ForkedBooter.execute(ForkedBooter.java:162)
	at org.apache.maven.surefire.booter.ForkedBooter.run(ForkedBooter.java:507)
	at org.apache.maven.surefire.booter.ForkedBooter.main(ForkedBooter.java:495)
]]></system-err>
  </testcase>
  <testcase name="testFirstNonRepeatedAllRepeated(TestInfo)" classname="com.exercicis.TestExercici0200" time="0.002">
    <system-out><![CDATA[Test passed, succeeded!
]]></system-out>
  </testcase>
  <testcase name="testFindUniqueNumberBasic(TestInfo)" classname="com.exercicis.TestExercici0200" time="0.004">
    <system-out><![CDATA[Test passed, succeeded!
]]></system-out>
  </testcase>
  <testcase name="testAddListMixedNumbers(TestInfo)" classname="com.exercicis.TestExercici0200" time="0.002">
    <system-out><![CDATA[Test passed, succeeded!
]]></system-out>
  </testcase>
  <testcase name="testTransposeRectangularMatrix(TestInfo)" classname="com.exercicis.TestExercici0200" time="0.002">
    <system-out><![CDATA[Test passed, succeeded!
]]></system-out>
  </testcase>
  <testcase name="testDrawPascalOne(TestInfo)" classname="com.exercicis.TestExercici0200" time="0.002">
    <system-out><![CDATA[Test passed, succeeded!
]]></system-out>
  </testcase>
  <testcase name="testDrawPascalTwo(TestInfo)" classname="com.exercicis.TestExercici0200" time="0.015">
    <system-out><![CDATA[Test failed: testDrawPascalTwo(TestInfo)
expected: <1
1 1> but was: <1 
1 1>
]]></system-out>
  </testcase>
  <testcase name="testPrintMatrixSingleElement(TestInfo)" classname="com.exercicis.TestExercici0200" time="0.105">
    <system-out><![CDATA[Test passed, succeeded!
]]></system-out>
  </testcase>
  <testcase name="testSumaSenseSumarPositiveAndNegative(TestInfo)" classname="com.exercicis.TestExercici0200" time="0.002">
    <system-out><![CDATA[Test passed, succeeded!
]]></system-out>
  </testcase>
  <testcase name="testDrawPascalThree(TestInfo)" classname="com.exercicis.TestExercici0200" time="0.004">
    <system-out><![CDATA[Test failed: testDrawPascalThree(TestInfo)
expected: <1
1 1
1 2 1> but was: <1 
1 1 
1 2 1>
]]></system-out>
  </testcase>
  <testcase name="testFindUniqueNumberMultiplePairs(TestInfo)" classname="com.exercicis.TestExercici0200" time="0.002"/>
  <testcase name="testFindUniqueNumberNoUnique(TestInfo)" classname="com.exercicis.TestExercici0200" time="0.119">
    <system-out><![CDATA[Test passed, succeeded!
]]></system-out>
  </testcase>
  <testcase name="testPrintMatrixRow(TestInfo)" classname="com.exercicis.TestExercici0200" time="0.015">
    <system-out><![CDATA[Test failed: testPrintMatrixRow(TestInfo)
expected: <1, 2, 3> but was: <1 2 3>
]]></system-out>
  </testcase>
  <testcase name="testMinMaxAddWithDuplicates(TestInfo)" classname="com.exercicis.TestExercici0200" time="0.005">
    <system-out><![CDATA[Test passed, succeeded!
]]></system-out>
  </testcase>
  <testcase name="testInverIntPositive(TestInfo)" classname="com.exercicis.TestExercici0200" time="0.01">
    <system-out><![CDATA[Test passed, succeeded!
]]></system-out>
  </testcase>
  <testcase name="testPrintMatrixEmpty(TestInfo)" classname="com.exercicis.TestExercici0200" time="0.005">
    <system-out><![CDATA[Test passed, succeeded!
]]></system-out>
  </testcase>
  <testcase name="testAddImaginariesWithZeroRealPart(TestInfo)" classname="com.exercicis.TestExercici0200" time="0.022">
    <system-out><![CDATA[Test passed, succeeded!
]]></system-out>
  </testcase>
  <testcase name="testTransposeSquareMatrix(TestInfo)" classname="com.exercicis.TestExercici0200" time="0.005">
    <system-out><![CDATA[Test passed, succeeded!
]]></system-out>
  </testcase>
</testsuite>