<?xml version="1.0" encoding="UTF-8"?>
<testsuite xmlns:xsi="http://www.w3.org/2001/XMLSchema-instance" xsi:noNamespaceSchemaLocation="https://maven.apache.org/surefire/maven-surefire-plugin/xsd/surefire-test-report-3.0.xsd" version="3.0" name="com.exercicis.TestExercici0006" time="0.094" tests="2" errors="0" skipped="0" failures="0">
  <properties>
[...]
</properties>
  <testcase name="testCalculaEntrada" classname="com.exercicis.TestExercici0006" time="0.037"/>
  <testcase name="testMainFunction" classname="com.exercicis.TestExercici0006" time="0.009"/>
</testsuite>